1920 1024 1024
26496 1024 1024
1024 688 688 928 928 14512 14512 26496 26496 1920 1920 112 112 336 336 352 352 416 416 31 31 46 46 65 65
138 42 42
831110 90214 90214
92810 42 42
751263 31 31
404 2099 2099 50101 50101
1048 440 440
96283 8107 8107
31 1024 1024 22191 22191 120703 120703 199999 199999 751263 751263 831 831 111 111 431 431
416 1024 1024
928 1024 1024
417 65 65
161 65 65
419 2099 2099
31913 440 440 42 42
61610 42 42
42 1610 1610 138 138 61610 61610 92810 92810 314 314 31913 31913 8107 8107
8107 96283 96283 91 91 42 42 92 92
301 829 829 92 92 46 46
46 1024 1024 94 94 6510 6510 301 301
431 31 31
22191 31 31
14512 1024 1024
688 1024 1024
2099 835 835 67 67 211 211 419 419 1218 1218 404 404
50101 213 213 404 404 90214 90214
439 8311 8311
55 8311 8311
1080 440 440
440 1992 1992 1048 1048 616 616 1080 1080 2024 2024 120 120 344 344 8311 8311 31913 31913
314 42 42
199999 31 31
829 301 301
831 31 31
65 161 161 417 417 1024 1024 1218 1218
13122 1218 1218
66 1218 1218
1218 66 66 13122 13122 161010 161010 13810 13810 210 210 65 65 2099 2099
67 2099 2099
835 2099 2099
1992 440 440
1610 42 42
336 1024 1024
210 1218 1218
211 2099 2099
213 50101 50101
214 90214 90214
344 440 440
91 8107 8107
92 8107 8107 301 301
94 46 46
352 1024 1024
90214 831110 831110 214 214 50101 50101 8311 8311
2024 440 440
616 440 440
6510 46 46
111 31 31
161010 1218 1218
112 1024 1024
13810 1218 1218
8311 55 55 439 439 90214 90214 440 440
120 440 440
120703 31 31
